[debug] [2025-05-27T13:51:48.655Z] ----------------------------------------------------------------------
[debug] [2025-05-27T13:51:48.657Z] Command:       C:\Program Files\nodejs\node.exe C:\Users\Man\AppData\Roaming\npm\node_modules\firebase-tools\lib\bin\firebase.js init functions --project dummy-project
[debug] [2025-05-27T13:51:48.657Z] CLI Version:   14.4.0
[debug] [2025-05-27T13:51:48.657Z] Platform:      win32
[debug] [2025-05-27T13:51:48.657Z] Node Version:  v22.16.0
[debug] [2025-05-27T13:51:48.657Z] Time:          Tue May 27 2025 09:51:48 GMT-0400 (Eastern Daylight Time)
[debug] [2025-05-27T13:51:48.657Z] ----------------------------------------------------------------------
[debug] 
[debug] [2025-05-27T13:51:48.800Z] > command requires scopes: ["email","openid","https://www.googleapis.com/auth/cloudplatformprojects.readonly","https://www.googleapis.com/auth/firebase","https://www.googleapis.com/auth/cloud-platform"]
[debug] [2025-05-27T13:51:48.800Z] > authorizing via signed-in user (hello@757handy.com)
[info] 
     ######## #### ########  ######## ########     ###     ######  ########
     ##        ##  ##     ## ##       ##     ##  ##   ##  ##       ##
     ######    ##  ########  ######   ########  #########  ######  ######
     ##        ##  ##    ##  ##       ##     ## ##     ##       ## ##
     ##       #### ##     ## ######## ########  ##     ##  ######  ########

You're about to initialize a Firebase project in this directory:

  C:\Users\Man\ultra\projects\AI_Handyman_Secretary_Assistant

Before we get started, keep in mind:

  * You are initializing within an existing Firebase project directory

[debug] [2025-05-27T13:53:35.260Z] ----------------------------------------------------------------------
[debug] [2025-05-27T13:53:35.261Z] Command:       C:\Program Files\nodejs\node.exe C:\Users\Man\AppData\Roaming\npm\node_modules\firebase-tools\lib\bin\firebase.js emulators:start --only functions
[debug] [2025-05-27T13:53:35.262Z] CLI Version:   14.4.0
[debug] [2025-05-27T13:53:35.262Z] Platform:      win32
[debug] [2025-05-27T13:53:35.262Z] Node Version:  v22.16.0
[debug] [2025-05-27T13:53:35.262Z] Time:          Tue May 27 2025 09:53:35 GMT-0400 (Eastern Daylight Time)
[debug] [2025-05-27T13:53:35.262Z] ----------------------------------------------------------------------
[debug] 
[debug] [2025-05-27T13:53:35.428Z] > command requires scopes: ["email","openid","https://www.googleapis.com/auth/cloudplatformprojects.readonly","https://www.googleapis.com/auth/firebase","https://www.googleapis.com/auth/cloud-platform"]
[debug] [2025-05-27T13:53:35.428Z] > authorizing via signed-in user (hello@757handy.com)
[info] i  emulators: Starting emulators: functions {"metadata":{"emulator":{"name":"hub"},"message":"Starting emulators: functions"}}
[warn] !  logging: Logging Emulator unable to start on port 4500, starting on 4501 instead. {"metadata":{"emulator":{"name":"logging"},"message":"Logging Emulator unable to start on port 4500, starting on 4501 instead."}}
[debug] [2025-05-27T13:53:35.436Z] [logging] Logging Emulator only supports listening on one address (127.0.0.1). Not listening on ::1
[debug] [2025-05-27T13:53:35.436Z] assigned listening specs for emulators {"user":{"hub":[{"address":"127.0.0.1","family":"IPv4","port":4400},{"address":"::1","family":"IPv6","port":4400}],"ui":[{"address":"127.0.0.1","family":"IPv4","port":4000},{"address":"::1","family":"IPv6","port":4000}],"logging":[{"address":"127.0.0.1","family":"IPv4","port":4501}]},"metadata":{"message":"assigned listening specs for emulators"}}
[debug] [2025-05-27T13:53:35.439Z] [hub] writing locator at C:\Users\Man\AppData\Local\Temp\hub-karen-437100.json
[debug] [2025-05-27T13:53:35.453Z] [functions] Functions Emulator only supports listening on one address (127.0.0.1). Not listening on ::1
[debug] [2025-05-27T13:53:35.453Z] [eventarc] Eventarc Emulator only supports listening on one address (127.0.0.1). Not listening on ::1
[debug] [2025-05-27T13:53:35.453Z] [tasks] Cloud Tasks Emulator only supports listening on one address (127.0.0.1). Not listening on ::1
[debug] [2025-05-27T13:53:35.453Z] late-assigned ports for functions and eventarc emulators {"user":{"hub":[{"address":"127.0.0.1","family":"IPv4","port":4400},{"address":"::1","family":"IPv6","port":4400}],"ui":[{"address":"127.0.0.1","family":"IPv4","port":4000},{"address":"::1","family":"IPv6","port":4000}],"logging":[{"address":"127.0.0.1","family":"IPv4","port":4501}],"functions":[{"address":"127.0.0.1","family":"IPv4","port":5001}],"eventarc":[{"address":"127.0.0.1","family":"IPv4","port":9299}],"tasks":[{"address":"127.0.0.1","family":"IPv4","port":9499}]},"metadata":{"message":"late-assigned ports for functions and eventarc emulators"}}
[warn] !  functions: The following emulators are not running, calls to these services from the Functions emulator will affect production: apphosting, auth, firestore, database, hosting, pubsub, storage, dataconnect {"metadata":{"emulator":{"name":"functions"},"message":"The following emulators are not running, calls to these services from the Functions emulator will affect production: \u001b[1mapphosting, auth, firestore, database, hosting, pubsub, storage, dataconnect\u001b[22m"}}
[debug] [2025-05-27T13:53:35.465Z] defaultcredentials: writing to file C:\Users\Man\AppData\Roaming\firebase\hello_757handy_com_application_default_credentials.json
[debug] [2025-05-27T13:53:35.466Z] Setting GAC to C:\Users\Man\AppData\Roaming\firebase\hello_757handy_com_application_default_credentials.json {"metadata":{"emulator":{"name":"functions"},"message":"Setting GAC to C:\\Users\\Man\\AppData\\Roaming\\firebase\\hello_757handy_com_application_default_credentials.json"}}
[debug] [2025-05-27T13:53:35.466Z] Checked if tokens are valid: true, expires at: 1748357251655
[debug] [2025-05-27T13:53:35.467Z] Checked if tokens are valid: true, expires at: 1748357251655
[debug] [2025-05-27T13:53:35.467Z] >>> [apiv2][query] GET https://firebase.googleapis.com/v1beta1/projects/karen-437100/adminSdkConfig [none]
[debug] [2025-05-27T13:53:35.854Z] <<< [apiv2][status] GET https://firebase.googleapis.com/v1beta1/projects/karen-437100/adminSdkConfig 200
[debug] [2025-05-27T13:53:35.854Z] <<< [apiv2][body] GET https://firebase.googleapis.com/v1beta1/projects/karen-437100/adminSdkConfig {"projectId":"karen-437100","storageBucket":"karen-437100.firebasestorage.app"}
[info] i  ui: downloading ui-v1.15.0.zip... {"metadata":{"emulator":{"name":"ui"},"message":"downloading ui-v1.15.0.zip..."}}
[debug] [2025-05-27T13:53:35.869Z] >>> [apiv2][query] GET https://storage.googleapis.com/firebase-preview-drop/emulator/ui-v1.15.0.zip 
[debug] [2025-05-27T13:53:35.935Z] <<< [apiv2][status] GET https://storage.googleapis.com/firebase-preview-drop/emulator/ui-v1.15.0.zip 200
[debug] [2025-05-27T13:53:35.935Z] <<< [apiv2][body] GET https://storage.googleapis.com/firebase-preview-drop/emulator/ui-v1.15.0.zip [stream]
[debug] [2025-05-27T13:53:36.315Z] Data is 3538469
[debug] [2025-05-27T13:53:36.315Z] [unzip] Entry: client/ (compressed_size=0 bytes, uncompressed_size=0 bytes)
[debug] [2025-05-27T13:53:36.315Z] [unzip] Processing entry: client\
[debug] [2025-05-27T13:53:36.315Z] [unzip] mkdir: C:\Users\Man\.cache\firebase\emulators\ui-v1.15.0\client\
[debug] [2025-05-27T13:53:36.316Z] [unzip] Entry: client/favicon-16x16.png (compressed_size=293 bytes, uncompressed_size=293 bytes)
[debug] [2025-05-27T13:53:36.316Z] [unzip] Processing entry: client\favicon-16x16.png
[debug] [2025-05-27T13:53:36.316Z] [unzip] else mkdir: C:\Users\Man\.cache\firebase\emulators\ui-v1.15.0\client
[debug] [2025-05-27T13:53:36.316Z] [unzip] Writing file: C:\Users\Man\.cache\firebase\emulators\ui-v1.15.0\client\favicon-16x16.png
[debug] [2025-05-27T13:53:36.317Z] [unzip] Entry: client/safari-pinned-tab.svg (compressed_size=1433 bytes, uncompressed_size=2611 bytes)
[debug] [2025-05-27T13:53:36.317Z] [unzip] Processing entry: client\safari-pinned-tab.svg
[debug] [2025-05-27T13:53:36.317Z] [unzip] else mkdir: C:\Users\Man\.cache\firebase\emulators\ui-v1.15.0\client
[debug] [2025-05-27T13:53:36.317Z] [unzip] deflating: C:\Users\Man\.cache\firebase\emulators\ui-v1.15.0\client\safari-pinned-tab.svg
[debug] [2025-05-27T13:53:36.319Z] [unzip] Entry: client/favicon.ico (compressed_size=2933 bytes, uncompressed_size=13294 bytes)
[debug] [2025-05-27T13:53:36.319Z] [unzip] Processing entry: client\favicon.ico
[debug] [2025-05-27T13:53:36.319Z] [unzip] else mkdir: C:\Users\Man\.cache\firebase\emulators\ui-v1.15.0\client
[debug] [2025-05-27T13:53:36.319Z] [unzip] deflating: C:\Users\Man\.cache\firebase\emulators\ui-v1.15.0\client\favicon.ico
[debug] [2025-05-27T13:53:36.321Z] [unzip] Entry: client/index.html (compressed_size=1364 bytes, uncompressed_size=3071 bytes)
[debug] [2025-05-27T13:53:36.321Z] [unzip] Processing entry: client\index.html
[debug] [2025-05-27T13:53:36.321Z] [unzip] else mkdir: C:\Users\Man\.cache\firebase\emulators\ui-v1.15.0\client
[debug] [2025-05-27T13:53:36.321Z] [unzip] deflating: C:\Users\Man\.cache\firebase\emulators\ui-v1.15.0\client\index.html
[debug] [2025-05-27T13:53:36.322Z] [unzip] Entry: client/android-chrome-192x192.png (compressed_size=2684 bytes, uncompressed_size=2684 bytes)
[debug] [2025-05-27T13:53:36.322Z] [unzip] Processing entry: client\android-chrome-192x192.png
[debug] [2025-05-27T13:53:36.322Z] [unzip] else mkdir: C:\Users\Man\.cache\firebase\emulators\ui-v1.15.0\client
[debug] [2025-05-27T13:53:36.322Z] [unzip] Writing file: C:\Users\Man\.cache\firebase\emulators\ui-v1.15.0\client\android-chrome-192x192.png
[debug] [2025-05-27T13:53:36.322Z] [unzip] Entry: client/apple-touch-icon.png (compressed_size=2123 bytes, uncompressed_size=2152 bytes)
[debug] [2025-05-27T13:53:36.322Z] [unzip] Processing entry: client\apple-touch-icon.png
[debug] [2025-05-27T13:53:36.322Z] [unzip] else mkdir: C:\Users\Man\.cache\firebase\emulators\ui-v1.15.0\client
[debug] [2025-05-27T13:53:36.323Z] [unzip] deflating: C:\Users\Man\.cache\firebase\emulators\ui-v1.15.0\client\apple-touch-icon.png
[debug] [2025-05-27T13:53:36.323Z] [unzip] Entry: client/android-chrome-512x512.png (compressed_size=5369 bytes, uncompressed_size=5411 bytes)
[debug] [2025-05-27T13:53:36.323Z] [unzip] Processing entry: client\android-chrome-512x512.png
[debug] [2025-05-27T13:53:36.323Z] [unzip] else mkdir: C:\Users\Man\.cache\firebase\emulators\ui-v1.15.0\client
[debug] [2025-05-27T13:53:36.323Z] [unzip] deflating: C:\Users\Man\.cache\firebase\emulators\ui-v1.15.0\client\android-chrome-512x512.png
[debug] [2025-05-27T13:53:36.324Z] [unzip] Entry: client/manifest.json (compressed_size=245 bytes, uncompressed_size=551 bytes)
[debug] [2025-05-27T13:53:36.325Z] [unzip] Processing entry: client\manifest.json
[debug] [2025-05-27T13:53:36.325Z] [unzip] else mkdir: C:\Users\Man\.cache\firebase\emulators\ui-v1.15.0\client
[debug] [2025-05-27T13:53:36.325Z] [unzip] deflating: C:\Users\Man\.cache\firebase\emulators\ui-v1.15.0\client\manifest.json
[debug] [2025-05-27T13:53:36.325Z] [unzip] Entry: client/robots.txt (compressed_size=26 bytes, uncompressed_size=26 bytes)
[debug] [2025-05-27T13:53:36.326Z] [unzip] Processing entry: client\robots.txt
[debug] [2025-05-27T13:53:36.326Z] [unzip] else mkdir: C:\Users\Man\.cache\firebase\emulators\ui-v1.15.0\client
[debug] [2025-05-27T13:53:36.326Z] [unzip] Writing file: C:\Users\Man\.cache\firebase\emulators\ui-v1.15.0\client\robots.txt
[debug] [2025-05-27T13:53:36.326Z] [unzip] Entry: client/mstile-150x150.png (compressed_size=2034 bytes, uncompressed_size=2034 bytes)
[debug] [2025-05-27T13:53:36.326Z] [unzip] Processing entry: client\mstile-150x150.png
[debug] [2025-05-27T13:53:36.326Z] [unzip] else mkdir: C:\Users\Man\.cache\firebase\emulators\ui-v1.15.0\client
[debug] [2025-05-27T13:53:36.326Z] [unzip] Writing file: C:\Users\Man\.cache\firebase\emulators\ui-v1.15.0\client\mstile-150x150.png
[debug] [2025-05-27T13:53:36.327Z] [unzip] Entry: client/assets/ (compressed_size=0 bytes, uncompressed_size=0 bytes)
[debug] [2025-05-27T13:53:36.327Z] [unzip] Processing entry: client\assets\
[debug] [2025-05-27T13:53:36.327Z] [unzip] mkdir: C:\Users\Man\.cache\firebase\emulators\ui-v1.15.0\client\assets\
[debug] [2025-05-27T13:53:36.327Z] [unzip] Entry: client/assets/index-BX-A56oj.js (compressed_size=582089 bytes, uncompressed_size=2092775 bytes)
[debug] [2025-05-27T13:53:36.327Z] [unzip] Processing entry: client\assets\index-BX-A56oj.js
[debug] [2025-05-27T13:53:36.327Z] [unzip] else mkdir: C:\Users\Man\.cache\firebase\emulators\ui-v1.15.0\client\assets
[debug] [2025-05-27T13:53:36.327Z] [unzip] deflating: C:\Users\Man\.cache\firebase\emulators\ui-v1.15.0\client\assets\index-BX-A56oj.js
[debug] [2025-05-27T13:53:36.336Z] [unzip] Entry: client/assets/index-CjB9C900.css (compressed_size=35979 bytes, uncompressed_size=298654 bytes)
[debug] [2025-05-27T13:53:36.336Z] [unzip] Processing entry: client\assets\index-CjB9C900.css
[debug] [2025-05-27T13:53:36.336Z] [unzip] else mkdir: C:\Users\Man\.cache\firebase\emulators\ui-v1.15.0\client\assets
[debug] [2025-05-27T13:53:36.336Z] [unzip] deflating: C:\Users\Man\.cache\firebase\emulators\ui-v1.15.0\client\assets\index-CjB9C900.css
[debug] [2025-05-27T13:53:36.338Z] [unzip] Entry: client/assets/index-BX-A56oj.js.map (compressed_size=2362482 bytes, uncompressed_size=10036679 bytes)
[debug] [2025-05-27T13:53:36.338Z] [unzip] Processing entry: client\assets\index-BX-A56oj.js.map
[debug] [2025-05-27T13:53:36.338Z] [unzip] else mkdir: C:\Users\Man\.cache\firebase\emulators\ui-v1.15.0\client\assets
[debug] [2025-05-27T13:53:36.339Z] [unzip] deflating: C:\Users\Man\.cache\firebase\emulators\ui-v1.15.0\client\assets\index-BX-A56oj.js.map
[debug] [2025-05-27T13:53:36.375Z] [unzip] Entry: client/assets/extensions/ (compressed_size=0 bytes, uncompressed_size=0 bytes)
[debug] [2025-05-27T13:53:36.375Z] [unzip] Processing entry: client\assets\extensions\
[debug] [2025-05-27T13:53:36.375Z] [unzip] mkdir: C:\Users\Man\.cache\firebase\emulators\ui-v1.15.0\client\assets\extensions\
[debug] [2025-05-27T13:53:36.375Z] [unzip] Entry: client/assets/extensions/default-extension.png (compressed_size=1646 bytes, uncompressed_size=1657 bytes)
[debug] [2025-05-27T13:53:36.375Z] [unzip] Processing entry: client\assets\extensions\default-extension.png
[debug] [2025-05-27T13:53:36.375Z] [unzip] else mkdir: C:\Users\Man\.cache\firebase\emulators\ui-v1.15.0\client\assets\extensions
[debug] [2025-05-27T13:53:36.375Z] [unzip] deflating: C:\Users\Man\.cache\firebase\emulators\ui-v1.15.0\client\assets\extensions\default-extension.png
[debug] [2025-05-27T13:53:36.376Z] [unzip] Entry: client/assets/img/ (compressed_size=0 bytes, uncompressed_size=0 bytes)
[debug] [2025-05-27T13:53:36.376Z] [unzip] Processing entry: client\assets\img\
[debug] [2025-05-27T13:53:36.376Z] [unzip] mkdir: C:\Users\Man\.cache\firebase\emulators\ui-v1.15.0\client\assets\img\
[debug] [2025-05-27T13:53:36.376Z] [unzip] Entry: client/assets/img/database.png (compressed_size=29449 bytes, uncompressed_size=29988 bytes)
[debug] [2025-05-27T13:53:36.376Z] [unzip] Processing entry: client\assets\img\database.png
[debug] [2025-05-27T13:53:36.377Z] [unzip] else mkdir: C:\Users\Man\.cache\firebase\emulators\ui-v1.15.0\client\assets\img
[debug] [2025-05-27T13:53:36.377Z] [unzip] deflating: C:\Users\Man\.cache\firebase\emulators\ui-v1.15.0\client\assets\img\database.png
[debug] [2025-05-27T13:53:36.377Z] [unzip] Entry: client/assets/provider-icons/ (compressed_size=0 bytes, uncompressed_size=0 bytes)
[debug] [2025-05-27T13:53:36.377Z] [unzip] Processing entry: client\assets\provider-icons\
[debug] [2025-05-27T13:53:36.377Z] [unzip] mkdir: C:\Users\Man\.cache\firebase\emulators\ui-v1.15.0\client\assets\provider-icons\
[debug] [2025-05-27T13:53:36.378Z] [unzip] Entry: client/assets/provider-icons/auth_service_saml.svg (compressed_size=575 bytes, uncompressed_size=1226 bytes)
[debug] [2025-05-27T13:53:36.378Z] [unzip] Processing entry: client\assets\provider-icons\auth_service_saml.svg
[debug] [2025-05-27T13:53:36.378Z] [unzip] else mkdir: C:\Users\Man\.cache\firebase\emulators\ui-v1.15.0\client\assets\provider-icons
[debug] [2025-05-27T13:53:36.378Z] [unzip] deflating: C:\Users\Man\.cache\firebase\emulators\ui-v1.15.0\client\assets\provider-icons\auth_service_saml.svg
[debug] [2025-05-27T13:53:36.379Z] [unzip] Entry: client/assets/provider-icons/auth_service_phone.svg (compressed_size=261 bytes, uncompressed_size=414 bytes)
[debug] [2025-05-27T13:53:36.379Z] [unzip] Processing entry: client\assets\provider-icons\auth_service_phone.svg
[debug] [2025-05-27T13:53:36.379Z] [unzip] else mkdir: C:\Users\Man\.cache\firebase\emulators\ui-v1.15.0\client\assets\provider-icons
[debug] [2025-05-27T13:53:36.379Z] [unzip] deflating: C:\Users\Man\.cache\firebase\emulators\ui-v1.15.0\client\assets\provider-icons\auth_service_phone.svg
[debug] [2025-05-27T13:53:36.379Z] [unzip] Entry: client/assets/provider-icons/auth_service_facebook.svg (compressed_size=289 bytes, uncompressed_size=457 bytes)
[debug] [2025-05-27T13:53:36.379Z] [unzip] Processing entry: client\assets\provider-icons\auth_service_facebook.svg
[debug] [2025-05-27T13:53:36.379Z] [unzip] else mkdir: C:\Users\Man\.cache\firebase\emulators\ui-v1.15.0\client\assets\provider-icons
[debug] [2025-05-27T13:53:36.380Z] [unzip] deflating: C:\Users\Man\.cache\firebase\emulators\ui-v1.15.0\client\assets\provider-icons\auth_service_facebook.svg
[debug] [2025-05-27T13:53:36.380Z] [unzip] Entry: client/assets/provider-icons/auth_service_game_center.svg (compressed_size=991 bytes, uncompressed_size=3921 bytes)
[debug] [2025-05-27T13:53:36.380Z] [unzip] Processing entry: client\assets\provider-icons\auth_service_game_center.svg
[debug] [2025-05-27T13:53:36.380Z] [unzip] else mkdir: C:\Users\Man\.cache\firebase\emulators\ui-v1.15.0\client\assets\provider-icons
[debug] [2025-05-27T13:53:36.380Z] [unzip] deflating: C:\Users\Man\.cache\firebase\emulators\ui-v1.15.0\client\assets\provider-icons\auth_service_game_center.svg
[debug] [2025-05-27T13:53:36.381Z] [unzip] Entry: client/assets/provider-icons/auth_service_apple.svg (compressed_size=230 bytes, uncompressed_size=334 bytes)
[debug] [2025-05-27T13:53:36.381Z] [unzip] Processing entry: client\assets\provider-icons\auth_service_apple.svg
[debug] [2025-05-27T13:53:36.381Z] [unzip] else mkdir: C:\Users\Man\.cache\firebase\emulators\ui-v1.15.0\client\assets\provider-icons
[debug] [2025-05-27T13:53:36.381Z] [unzip] deflating: C:\Users\Man\.cache\firebase\emulators\ui-v1.15.0\client\assets\provider-icons\auth_service_apple.svg
[debug] [2025-05-27T13:53:36.382Z] [unzip] Entry: client/assets/provider-icons/auth_service_github.svg (compressed_size=466 bytes, uncompressed_size=838 bytes)
[debug] [2025-05-27T13:53:36.382Z] [unzip] Processing entry: client\assets\provider-icons\auth_service_github.svg
[debug] [2025-05-27T13:53:36.382Z] [unzip] else mkdir: C:\Users\Man\.cache\firebase\emulators\ui-v1.15.0\client\assets\provider-icons
[debug] [2025-05-27T13:53:36.382Z] [unzip] deflating: C:\Users\Man\.cache\firebase\emulators\ui-v1.15.0\client\assets\provider-icons\auth_service_github.svg
[debug] [2025-05-27T13:53:36.383Z] [unzip] Entry: client/assets/provider-icons/auth_service_mslive.svg (compressed_size=203 bytes, uncompressed_size=378 bytes)
[debug] [2025-05-27T13:53:36.383Z] [unzip] Processing entry: client\assets\provider-icons\auth_service_mslive.svg
[debug] [2025-05-27T13:53:36.383Z] [unzip] else mkdir: C:\Users\Man\.cache\firebase\emulators\ui-v1.15.0\client\assets\provider-icons
[debug] [2025-05-27T13:53:36.383Z] [unzip] deflating: C:\Users\Man\.cache\firebase\emulators\ui-v1.15.0\client\assets\provider-icons\auth_service_mslive.svg
[debug] [2025-05-27T13:53:36.384Z] [unzip] Entry: client/assets/provider-icons/auth_service_yahoo.svg (compressed_size=577 bytes, uncompressed_size=1182 bytes)
[debug] [2025-05-27T13:53:36.384Z] [unzip] Processing entry: client\assets\provider-icons\auth_service_yahoo.svg
[debug] [2025-05-27T13:53:36.384Z] [unzip] else mkdir: C:\Users\Man\.cache\firebase\emulators\ui-v1.15.0\client\assets\provider-icons
[debug] [2025-05-27T13:53:36.384Z] [unzip] deflating: C:\Users\Man\.cache\firebase\emulators\ui-v1.15.0\client\assets\provider-icons\auth_service_yahoo.svg
[debug] [2025-05-27T13:53:36.385Z] [unzip] Entry: client/assets/provider-icons/auth_service_twitter.svg (compressed_size=444 bytes, uncompressed_size=751 bytes)
[debug] [2025-05-27T13:53:36.385Z] [unzip] Processing entry: client\assets\provider-icons\auth_service_twitter.svg
[debug] [2025-05-27T13:53:36.385Z] [unzip] else mkdir: C:\Users\Man\.cache\firebase\emulators\ui-v1.15.0\client\assets\provider-icons
[debug] [2025-05-27T13:53:36.385Z] [unzip] deflating: C:\Users\Man\.cache\firebase\emulators\ui-v1.15.0\client\assets\provider-icons\auth_service_twitter.svg
[debug] [2025-05-27T13:53:36.386Z] [unzip] Entry: client/assets/provider-icons/auth_service_play_games.svg (compressed_size=565 bytes, uncompressed_size=1173 bytes)
[debug] [2025-05-27T13:53:36.386Z] [unzip] Processing entry: client\assets\provider-icons\auth_service_play_games.svg
[debug] [2025-05-27T13:53:36.386Z] [unzip] else mkdir: C:\Users\Man\.cache\firebase\emulators\ui-v1.15.0\client\assets\provider-icons
[debug] [2025-05-27T13:53:36.386Z] [unzip] deflating: C:\Users\Man\.cache\firebase\emulators\ui-v1.15.0\client\assets\provider-icons\auth_service_play_games.svg
[debug] [2025-05-27T13:53:36.386Z] [unzip] Entry: client/assets/provider-icons/auth_service_email.svg (compressed_size=228 bytes, uncompressed_size=326 bytes)
[debug] [2025-05-27T13:53:36.387Z] [unzip] Processing entry: client\assets\provider-icons\auth_service_email.svg
[debug] [2025-05-27T13:53:36.387Z] [unzip] else mkdir: C:\Users\Man\.cache\firebase\emulators\ui-v1.15.0\client\assets\provider-icons
[debug] [2025-05-27T13:53:36.387Z] [unzip] deflating: C:\Users\Man\.cache\firebase\emulators\ui-v1.15.0\client\assets\provider-icons\auth_service_email.svg
[debug] [2025-05-27T13:53:36.387Z] [unzip] Entry: client/assets/provider-icons/auth_service_google.svg (compressed_size=409 bytes, uncompressed_size=720 bytes)
[debug] [2025-05-27T13:53:36.387Z] [unzip] Processing entry: client\assets\provider-icons\auth_service_google.svg
[debug] [2025-05-27T13:53:36.387Z] [unzip] else mkdir: C:\Users\Man\.cache\firebase\emulators\ui-v1.15.0\client\assets\provider-icons
[debug] [2025-05-27T13:53:36.388Z] [unzip] deflating: C:\Users\Man\.cache\firebase\emulators\ui-v1.15.0\client\assets\provider-icons\auth_service_google.svg
[debug] [2025-05-27T13:53:36.388Z] [unzip] Entry: client/assets/provider-icons/auth_service_oidc.svg (compressed_size=414 bytes, uncompressed_size=858 bytes)
[debug] [2025-05-27T13:53:36.388Z] [unzip] Processing entry: client\assets\provider-icons\auth_service_oidc.svg
[debug] [2025-05-27T13:53:36.388Z] [unzip] else mkdir: C:\Users\Man\.cache\firebase\emulators\ui-v1.15.0\client\assets\provider-icons
[debug] [2025-05-27T13:53:36.388Z] [unzip] deflating: C:\Users\Man\.cache\firebase\emulators\ui-v1.15.0\client\assets\provider-icons\auth_service_oidc.svg
[debug] [2025-05-27T13:53:36.389Z] [unzip] Entry: client/browserconfig.xml (compressed_size=491 bytes, uncompressed_size=822 bytes)
[debug] [2025-05-27T13:53:36.389Z] [unzip] Processing entry: client\browserconfig.xml
[debug] [2025-05-27T13:53:36.389Z] [unzip] else mkdir: C:\Users\Man\.cache\firebase\emulators\ui-v1.15.0\client
[debug] [2025-05-27T13:53:36.389Z] [unzip] deflating: C:\Users\Man\.cache\firebase\emulators\ui-v1.15.0\client\browserconfig.xml
[debug] [2025-05-27T13:53:36.390Z] [unzip] Entry: client/favicon-32x32.png (compressed_size=475 bytes, uncompressed_size=475 bytes)
[debug] [2025-05-27T13:53:36.390Z] [unzip] Processing entry: client\favicon-32x32.png
[debug] [2025-05-27T13:53:36.390Z] [unzip] else mkdir: C:\Users\Man\.cache\firebase\emulators\ui-v1.15.0\client
[debug] [2025-05-27T13:53:36.390Z] [unzip] Writing file: C:\Users\Man\.cache\firebase\emulators\ui-v1.15.0\client\favicon-32x32.png
[debug] [2025-05-27T13:53:36.391Z] [unzip] Entry: server/ (compressed_size=0 bytes, uncompressed_size=0 bytes)
[debug] [2025-05-27T13:53:36.391Z] [unzip] Processing entry: server\
[debug] [2025-05-27T13:53:36.391Z] [unzip] mkdir: C:\Users\Man\.cache\firebase\emulators\ui-v1.15.0\server\
[debug] [2025-05-27T13:53:36.391Z] [unzip] Entry: server/server.mjs.map (compressed_size=217845 bytes, uncompressed_size=944978 bytes)
[debug] [2025-05-27T13:53:36.391Z] [unzip] Processing entry: server\server.mjs.map
[debug] [2025-05-27T13:53:36.391Z] [unzip] else mkdir: C:\Users\Man\.cache\firebase\emulators\ui-v1.15.0\server
[debug] [2025-05-27T13:53:36.391Z] [unzip] deflating: C:\Users\Man\.cache\firebase\emulators\ui-v1.15.0\server\server.mjs.map
[debug] [2025-05-27T13:53:36.395Z] [unzip] Entry: server/server.mjs (compressed_size=276407 bytes, uncompressed_size=933701 bytes)
[debug] [2025-05-27T13:53:36.395Z] [unzip] Processing entry: server\server.mjs
[debug] [2025-05-27T13:53:36.395Z] [unzip] else mkdir: C:\Users\Man\.cache\firebase\emulators\ui-v1.15.0\server
[debug] [2025-05-27T13:53:36.395Z] [unzip] deflating: C:\Users\Man\.cache\firebase\emulators\ui-v1.15.0\server\server.mjs
[info] i  functions: Watching "C:\Users\Man\ultra\projects\AI_Handyman_Secretary_Assistant\functions" for Cloud Functions... {"metadata":{"emulator":{"name":"functions"},"message":"Watching \"C:\\Users\\Man\\ultra\\projects\\AI_Handyman_Secretary_Assistant\\functions\" for Cloud Functions..."}}
[error] !!  functions: Failed to load function definition from source: FirebaseError: `runtime` field is required but was not found in firebase.json or package.json.
To fix this, add the following lines to the `functions` section of your firebase.json:
"runtime": "nodejs22" or set the "engine" field in package.json
 {"metadata":{"emulator":{"name":"functions"},"message":"Failed to load function definition from source: FirebaseError: `runtime` field is required but was not found in firebase.json or package.json.\nTo fix this, add the following lines to the `functions` section of your firebase.json:\n\"runtime\": \"nodejs22\" or set the \"engine\" field in package.json\n"}}
[debug] [2025-05-27T13:53:36.409Z] Could not find VSCode notification endpoint: FetchError: request to http://localhost:40001/vscode/notify failed, reason: . If you are not running the Firebase Data Connect VSCode extension, this is expected and not an issue.
[info] 
┌─────────────────────────────────────────────────────────────┐
│ ✔  All emulators ready! It is now safe to connect your app. │
│ i  View Emulator UI at http://127.0.0.1:4000/               │
└─────────────────────────────────────────────────────────────┘

┌───────────┬────────────────┬─────────────────────────────────┐
│ Emulator  │ Host:Port      │ View in Emulator UI             │
├───────────┼────────────────┼─────────────────────────────────┤
│ Functions │ 127.0.0.1:5001 │ http://127.0.0.1:4000/functions │
└───────────┴────────────────┴─────────────────────────────────┘
  Emulator Hub host: 127.0.0.1 port: 4400
  Other reserved ports: 4501

Issues? Report them at https://github.com/firebase/firebase-tools/issues and attach the *-debug.log files.
 
