[2025-06-03 22:54:08] ORCHESTRATOR: Starting infinite orchestration loop
[2025-06-03 22:54:08] ORCHESTRATOR: Starting orchestration cycle #1
[2025-06-03 22:54:08] ORCHESTRATOR: Status updated: orchestrating (86%)
[2025-06-03 22:54:08] ORCHESTRATOR: Processing message from archaeologist: analysis_complete
[2025-06-03 22:54:08] ORCHESTRATOR: Archaeologist analysis complete - coordinating implementation
[2025-06-03 22:54:08] ORCHESTRATOR: Message sent to memory_engineer: high_priority_task
[2025-06-03 22:54:08] ORCHESTRATOR: Message sent to sms_engineer: implementation_ready
[2025-06-03 22:54:08] ORCHESTRATOR: Processing message from archaeologist: dependency_workaround
[2025-06-03 22:54:08] ORCHESTRATOR: Processing message from phone_engineer: agent_ready
[2025-06-03 22:54:08] ORCHESTRATOR: WARNING: Email system may be down
[2025-06-03 22:54:08] ORCHESTRATOR: Message sent to test_engineer: system_check
[2025-06-03 22:54:08] ORCHESTRATOR: Orchestration cycle #1 complete
[2025-06-03 22:54:08] ORCHESTRATOR: Sleeping for 5 minutes...
[2025-06-03 23:44:41] ORCHESTRATOR: Starting infinite orchestration loop
[2025-06-03 23:44:41] ORCHESTRATOR: Starting orchestration cycle #1
[2025-06-03 23:44:41] ORCHESTRATOR: Status updated: orchestrating (86%)
[2025-06-03 23:44:41] ORCHESTRATOR: Processing message from archaeologist: comprehensive_analysis_report
[2025-06-03 23:44:41] ORCHESTRATOR: Processing message from memory_engineer_runner: knowledge_update
[2025-06-03 23:44:41] ORCHESTRATOR: Processing message from memory_engineer_runner: knowledge_update
[2025-06-03 23:44:41] ORCHESTRATOR: Processing message from memory_engineer_runner: component_ready
[2025-06-03 23:44:41] ORCHESTRATOR: WARNING: Email system may be down
[2025-06-03 23:44:41] ORCHESTRATOR: Message sent to test_engineer: system_check
[2025-06-03 23:44:41] ORCHESTRATOR: Orchestration cycle #1 complete
[2025-06-03 23:44:41] ORCHESTRATOR: Sleeping for 5 minutes...
