2025-06-04 00:25:24,858 - root - Starting 6-hour autonomous operation
2025-06-04 00:25:24,859 - root - Generated tasks for all agents
2025-06-04 00:25:25,863 - root - Assigned task orchestrator_check_health_1749011124.858967_0 to orchestrator
2025-06-04 00:25:25,863 - root - Assigned task archaeologist_scan_new_files_1749011124.858967_0 to archaeologist
2025-06-04 00:25:25,864 - root - Assigned task sms_engineer_implement_feature_1749011124.858967_0 to sms_engineer
2025-06-04 00:25:25,865 - root - Assigned task memory_engineer_implement_storage_1749011124.858967_0 to memory_engineer
2025-06-04 00:25:25,865 - root - Assigned task test_engineer_test_email_1749011124.858967_0 to test_engineer
2025-06-04 00:25:56,870 - root - Assigned task orchestrator_check_health_1749011124.858967_1 to orchestrator
2025-06-04 00:25:56,871 - root - Assigned task archaeologist_scan_new_files_1749011124.858967_1 to archaeologist
2025-06-04 00:25:56,872 - root - Assigned task sms_engineer_implement_feature_1749011124.858967_1 to sms_engineer
2025-06-04 00:25:56,872 - root - Assigned task memory_engineer_implement_storage_1749011124.858967_1 to memory_engineer
2025-06-04 00:25:56,873 - root - Assigned task test_engineer_test_email_1749011124.858967_1 to test_engineer
2025-06-04 00:26:27,877 - root - Assigned task orchestrator_check_health_1749011124.858967_2 to orchestrator
2025-06-04 00:26:27,878 - root - Assigned task archaeologist_scan_new_files_1749011124.858967_2 to archaeologist
2025-06-04 00:26:27,878 - root - Assigned task sms_engineer_implement_feature_1749011124.858967_2 to sms_engineer
2025-06-04 00:26:27,879 - root - Assigned task memory_engineer_implement_storage_1749011124.858967_2 to memory_engineer
2025-06-04 00:26:27,880 - root - Assigned task test_engineer_test_email_1749011124.858967_2 to test_engineer
2025-06-04 00:26:58,885 - root - Assigned task orchestrator_coordinate_workflow_1749011124.858967_0 to orchestrator
2025-06-04 00:26:58,885 - root - Assigned task archaeologist_analyze_patterns_1749011124.858967_0 to archaeologist
2025-06-04 00:26:58,886 - root - Assigned task sms_engineer_refactor_code_1749011124.858967_0 to sms_engineer
2025-06-04 00:26:58,887 - root - Assigned task memory_engineer_optimize_retrieval_1749011124.858967_0 to memory_engineer
2025-06-04 00:26:58,887 - root - Assigned task test_engineer_test_integrations_1749011124.858967_0 to test_engineer
2025-06-04 00:27:29,892 - root - Assigned task orchestrator_coordinate_workflow_1749011124.858967_1 to orchestrator
2025-06-04 00:27:29,893 - root - Assigned task archaeologist_analyze_patterns_1749011124.858967_1 to archaeologist
2025-06-04 00:27:29,894 - root - Assigned task sms_engineer_refactor_code_1749011124.858967_1 to sms_engineer
2025-06-04 00:27:29,894 - root - Assigned task memory_engineer_optimize_retrieval_1749011124.858967_1 to memory_engineer
2025-06-04 00:27:29,895 - root - Assigned task test_engineer_test_integrations_1749011124.858967_1 to test_engineer
2025-06-04 00:28:00,900 - root - Assigned task orchestrator_coordinate_workflow_1749011124.858967_2 to orchestrator
2025-06-04 00:28:00,901 - root - Assigned task archaeologist_analyze_patterns_1749011124.858967_2 to archaeologist
2025-06-04 00:28:00,901 - root - Assigned task sms_engineer_refactor_code_1749011124.858967_2 to sms_engineer
2025-06-04 00:28:00,902 - root - Assigned task memory_engineer_optimize_retrieval_1749011124.858967_2 to memory_engineer
2025-06-04 00:28:00,902 - root - Assigned task test_engineer_test_integrations_1749011124.858967_2 to test_engineer
2025-06-04 00:28:31,909 - root - Assigned task orchestrator_generate_report_1749011124.858967_0 to orchestrator
2025-06-04 00:28:31,909 - root - Assigned task archaeologist_update_documentation_1749011124.858967_0 to archaeologist
2025-06-04 00:28:31,910 - root - Assigned task sms_engineer_add_error_handling_1749011124.858967_0 to sms_engineer
2025-06-04 00:28:31,911 - root - Assigned task memory_engineer_implement_linking_1749011124.858967_0 to memory_engineer
2025-06-04 00:28:31,912 - root - Assigned task test_engineer_performance_test_1749011124.858967_0 to test_engineer
2025-06-04 00:29:02,917 - root - Assigned task orchestrator_generate_report_1749011124.858967_1 to orchestrator
2025-06-04 00:29:02,918 - root - Assigned task archaeologist_update_documentation_1749011124.858967_1 to archaeologist
2025-06-04 00:29:02,919 - root - Assigned task sms_engineer_add_error_handling_1749011124.858967_1 to sms_engineer
2025-06-04 00:29:02,920 - root - Assigned task memory_engineer_implement_linking_1749011124.858967_1 to memory_engineer
2025-06-04 00:29:02,921 - root - Assigned task test_engineer_performance_test_1749011124.858967_1 to test_engineer
2025-06-04 00:29:33,925 - root - Assigned task orchestrator_generate_report_1749011124.858967_2 to orchestrator
2025-06-04 00:29:33,926 - root - Assigned task archaeologist_update_documentation_1749011124.858967_2 to archaeologist
2025-06-04 00:29:33,927 - root - Assigned task sms_engineer_add_error_handling_1749011124.858967_2 to sms_engineer
2025-06-04 00:29:33,927 - root - Assigned task memory_engineer_implement_linking_1749011124.858967_2 to memory_engineer
2025-06-04 00:29:33,928 - root - Assigned task test_engineer_performance_test_1749011124.858967_2 to test_engineer
2025-06-04 00:30:04,933 - root - Assigned task archaeologist_create_templates_1749011124.858967_0 to archaeologist
2025-06-04 00:30:04,934 - root - Assigned task sms_engineer_create_integration_tests_1749011124.858967_0 to sms_engineer
2025-06-04 00:30:04,934 - root - Assigned task memory_engineer_performance_tuning_1749011124.858967_0 to memory_engineer
2025-06-04 00:30:04,935 - root - Assigned task test_engineer_generate_test_report_1749011124.858967_0 to test_engineer
2025-06-04 00:30:35,941 - root - Assigned task archaeologist_create_templates_1749011124.858967_1 to archaeologist
2025-06-04 00:30:35,942 - root - Assigned task sms_engineer_create_integration_tests_1749011124.858967_1 to sms_engineer
2025-06-04 00:30:35,942 - root - Assigned task memory_engineer_performance_tuning_1749011124.858967_1 to memory_engineer
2025-06-04 00:30:35,943 - root - Assigned task test_engineer_generate_test_report_1749011124.858967_1 to test_engineer
2025-06-04 00:31:06,949 - root - Assigned task archaeologist_create_templates_1749011124.858967_2 to archaeologist
2025-06-04 00:31:06,950 - root - Assigned task sms_engineer_create_integration_tests_1749011124.858967_2 to sms_engineer
2025-06-04 00:31:06,951 - root - Assigned task memory_engineer_performance_tuning_1749011124.858967_2 to memory_engineer
2025-06-04 00:31:06,952 - root - Assigned task test_engineer_generate_test_report_1749011124.858967_2 to test_engineer
2025-06-04 00:58:17,393 - root - Starting 6-hour autonomous operation
2025-06-04 00:58:17,393 - root - Generated tasks for all agents
2025-06-04 00:58:18,398 - root - Assigned task orchestrator_check_health_1749013097.393765_0 to orchestrator
2025-06-04 00:58:18,399 - root - Assigned task archaeologist_scan_new_files_1749013097.393765_0 to archaeologist
2025-06-04 00:58:18,399 - root - Assigned task sms_engineer_implement_feature_1749013097.393765_0 to sms_engineer
2025-06-04 00:58:18,400 - root - Assigned task memory_engineer_implement_storage_1749013097.393765_0 to memory_engineer
2025-06-04 00:58:18,401 - root - Assigned task test_engineer_test_email_1749013097.393765_0 to test_engineer
2025-06-04 00:58:49,406 - root - Assigned task orchestrator_check_health_1749013097.393765_1 to orchestrator
2025-06-04 00:58:49,407 - root - Assigned task archaeologist_scan_new_files_1749013097.393765_1 to archaeologist
2025-06-04 00:58:49,408 - root - Assigned task sms_engineer_implement_feature_1749013097.393765_1 to sms_engineer
2025-06-04 00:58:49,409 - root - Assigned task memory_engineer_implement_storage_1749013097.393765_1 to memory_engineer
2025-06-04 00:58:49,410 - root - Assigned task test_engineer_test_email_1749013097.393765_1 to test_engineer
2025-06-04 00:59:20,414 - root - Assigned task orchestrator_check_health_1749013097.393765_2 to orchestrator
2025-06-04 00:59:20,415 - root - Assigned task archaeologist_scan_new_files_1749013097.393765_2 to archaeologist
2025-06-04 00:59:20,416 - root - Assigned task sms_engineer_implement_feature_1749013097.393765_2 to sms_engineer
2025-06-04 00:59:20,416 - root - Assigned task memory_engineer_implement_storage_1749013097.393765_2 to memory_engineer
2025-06-04 00:59:20,417 - root - Assigned task test_engineer_test_email_1749013097.393765_2 to test_engineer
2025-06-04 00:59:51,423 - root - Assigned task orchestrator_coordinate_workflow_1749013097.393765_0 to orchestrator
2025-06-04 00:59:51,424 - root - Assigned task archaeologist_analyze_patterns_1749013097.393765_0 to archaeologist
2025-06-04 00:59:51,425 - root - Assigned task sms_engineer_refactor_code_1749013097.393765_0 to sms_engineer
2025-06-04 00:59:51,426 - root - Assigned task memory_engineer_optimize_retrieval_1749013097.393765_0 to memory_engineer
2025-06-04 00:59:51,427 - root - Assigned task test_engineer_test_integrations_1749013097.393765_0 to test_engineer
2025-06-04 01:00:22,433 - root - Assigned task orchestrator_coordinate_workflow_1749013097.393765_1 to orchestrator
2025-06-04 01:00:22,434 - root - Assigned task archaeologist_analyze_patterns_1749013097.393765_1 to archaeologist
2025-06-04 01:00:22,435 - root - Assigned task sms_engineer_refactor_code_1749013097.393765_1 to sms_engineer
2025-06-04 01:00:22,436 - root - Assigned task memory_engineer_optimize_retrieval_1749013097.393765_1 to memory_engineer
2025-06-04 01:00:22,437 - root - Assigned task test_engineer_test_integrations_1749013097.393765_1 to test_engineer
2025-06-04 01:00:53,443 - root - Assigned task orchestrator_coordinate_workflow_1749013097.393765_2 to orchestrator
2025-06-04 01:00:53,444 - root - Assigned task archaeologist_analyze_patterns_1749013097.393765_2 to archaeologist
2025-06-04 01:00:53,445 - root - Assigned task sms_engineer_refactor_code_1749013097.393765_2 to sms_engineer
2025-06-04 01:00:53,446 - root - Assigned task memory_engineer_optimize_retrieval_1749013097.393765_2 to memory_engineer
2025-06-04 01:00:53,447 - root - Assigned task test_engineer_test_integrations_1749013097.393765_2 to test_engineer
2025-06-04 01:01:24,452 - root - Assigned task orchestrator_generate_report_1749013097.393765_0 to orchestrator
2025-06-04 01:01:24,453 - root - Assigned task archaeologist_update_documentation_1749013097.393765_0 to archaeologist
2025-06-04 01:01:24,454 - root - Assigned task sms_engineer_add_error_handling_1749013097.393765_0 to sms_engineer
2025-06-04 01:01:24,455 - root - Assigned task memory_engineer_implement_linking_1749013097.393765_0 to memory_engineer
2025-06-04 01:01:24,455 - root - Assigned task test_engineer_performance_test_1749013097.393765_0 to test_engineer
2025-06-04 01:01:55,463 - root - Assigned task orchestrator_generate_report_1749013097.393765_1 to orchestrator
2025-06-04 01:01:55,464 - root - Assigned task archaeologist_update_documentation_1749013097.393765_1 to archaeologist
2025-06-04 01:01:55,465 - root - Assigned task sms_engineer_add_error_handling_1749013097.393765_1 to sms_engineer
2025-06-04 01:01:55,465 - root - Assigned task memory_engineer_implement_linking_1749013097.393765_1 to memory_engineer
2025-06-04 01:01:55,466 - root - Assigned task test_engineer_performance_test_1749013097.393765_1 to test_engineer
2025-06-04 01:02:26,473 - root - Assigned task orchestrator_generate_report_1749013097.393765_2 to orchestrator
2025-06-04 01:02:26,474 - root - Assigned task archaeologist_update_documentation_1749013097.393765_2 to archaeologist
2025-06-04 01:02:26,475 - root - Assigned task sms_engineer_add_error_handling_1749013097.393765_2 to sms_engineer
2025-06-04 01:02:26,475 - root - Assigned task memory_engineer_implement_linking_1749013097.393765_2 to memory_engineer
2025-06-04 01:02:26,476 - root - Assigned task test_engineer_performance_test_1749013097.393765_2 to test_engineer
2025-06-04 01:02:57,484 - root - Assigned task archaeologist_create_templates_1749013097.393765_0 to archaeologist
2025-06-04 01:02:57,485 - root - Assigned task sms_engineer_create_integration_tests_1749013097.393765_0 to sms_engineer
2025-06-04 01:02:57,485 - root - Assigned task memory_engineer_performance_tuning_1749013097.393765_0 to memory_engineer
2025-06-04 01:02:57,487 - root - Assigned task test_engineer_generate_test_report_1749013097.393765_0 to test_engineer
2025-06-04 01:03:28,492 - root - Assigned task archaeologist_create_templates_1749013097.393765_1 to archaeologist
2025-06-04 01:03:28,493 - root - Assigned task sms_engineer_create_integration_tests_1749013097.393765_1 to sms_engineer
2025-06-04 01:03:28,494 - root - Assigned task memory_engineer_performance_tuning_1749013097.393765_1 to memory_engineer
2025-06-04 01:03:28,495 - root - Assigned task test_engineer_generate_test_report_1749013097.393765_1 to test_engineer
2025-06-04 01:03:59,500 - root - Assigned task archaeologist_create_templates_1749013097.393765_2 to archaeologist
2025-06-04 01:03:59,501 - root - Assigned task sms_engineer_create_integration_tests_1749013097.393765_2 to sms_engineer
2025-06-04 01:03:59,502 - root - Assigned task memory_engineer_performance_tuning_1749013097.393765_2 to memory_engineer
2025-06-04 01:03:59,503 - root - Assigned task test_engineer_generate_test_report_1749013097.393765_2 to test_engineer
2025-06-04 01:32:23,430 - root - Starting 6-hour autonomous operation
2025-06-04 01:32:23,430 - root - Generated tasks for all agents
2025-06-04 01:32:24,435 - root - Assigned task orchestrator_check_health_1749015143.430413_0 to orchestrator
2025-06-04 01:32:24,436 - root - Assigned task archaeologist_scan_new_files_1749015143.430413_0 to archaeologist
2025-06-04 01:32:24,436 - root - Assigned task sms_engineer_implement_feature_1749015143.430413_0 to sms_engineer
2025-06-04 01:32:24,437 - root - Assigned task memory_engineer_implement_storage_1749015143.430413_0 to memory_engineer
2025-06-04 01:32:24,438 - root - Assigned task test_engineer_test_email_1749015143.430413_0 to test_engineer
2025-06-04 01:32:55,444 - root - Assigned task orchestrator_check_health_1749015143.430413_1 to orchestrator
2025-06-04 01:32:55,445 - root - Assigned task archaeologist_scan_new_files_1749015143.430413_1 to archaeologist
2025-06-04 01:32:55,446 - root - Assigned task sms_engineer_implement_feature_1749015143.430413_1 to sms_engineer
2025-06-04 01:32:55,446 - root - Assigned task memory_engineer_implement_storage_1749015143.430413_1 to memory_engineer
2025-06-04 01:32:55,447 - root - Assigned task test_engineer_test_email_1749015143.430413_1 to test_engineer
2025-06-04 01:33:26,453 - root - Assigned task orchestrator_check_health_1749015143.430413_2 to orchestrator
2025-06-04 01:33:26,454 - root - Assigned task archaeologist_scan_new_files_1749015143.430413_2 to archaeologist
2025-06-04 01:33:26,455 - root - Assigned task sms_engineer_implement_feature_1749015143.430413_2 to sms_engineer
2025-06-04 01:33:26,456 - root - Assigned task memory_engineer_implement_storage_1749015143.430413_2 to memory_engineer
2025-06-04 01:33:26,457 - root - Assigned task test_engineer_test_email_1749015143.430413_2 to test_engineer
2025-06-04 01:33:57,461 - root - Assigned task orchestrator_coordinate_workflow_1749015143.430413_0 to orchestrator
2025-06-04 01:33:57,462 - root - Assigned task archaeologist_analyze_patterns_1749015143.430413_0 to archaeologist
2025-06-04 01:33:57,463 - root - Assigned task sms_engineer_refactor_code_1749015143.430413_0 to sms_engineer
2025-06-04 01:33:57,464 - root - Assigned task memory_engineer_optimize_retrieval_1749015143.430413_0 to memory_engineer
2025-06-04 01:33:57,464 - root - Assigned task test_engineer_test_integrations_1749015143.430413_0 to test_engineer
2025-06-04 01:34:28,470 - root - Assigned task orchestrator_coordinate_workflow_1749015143.430413_1 to orchestrator
2025-06-04 01:34:28,470 - root - Assigned task archaeologist_analyze_patterns_1749015143.430413_1 to archaeologist
2025-06-04 01:34:28,471 - root - Assigned task sms_engineer_refactor_code_1749015143.430413_1 to sms_engineer
2025-06-04 01:34:28,472 - root - Assigned task memory_engineer_optimize_retrieval_1749015143.430413_1 to memory_engineer
2025-06-04 01:34:28,472 - root - Assigned task test_engineer_test_integrations_1749015143.430413_1 to test_engineer
2025-06-04 01:34:59,478 - root - Assigned task orchestrator_coordinate_workflow_1749015143.430413_2 to orchestrator
2025-06-04 01:34:59,479 - root - Assigned task archaeologist_analyze_patterns_1749015143.430413_2 to archaeologist
2025-06-04 01:34:59,480 - root - Assigned task sms_engineer_refactor_code_1749015143.430413_2 to sms_engineer
2025-06-04 01:34:59,481 - root - Assigned task memory_engineer_optimize_retrieval_1749015143.430413_2 to memory_engineer
2025-06-04 01:34:59,481 - root - Assigned task test_engineer_test_integrations_1749015143.430413_2 to test_engineer
2025-06-04 01:35:30,487 - root - Assigned task orchestrator_generate_report_1749015143.430413_0 to orchestrator
2025-06-04 01:35:30,488 - root - Assigned task archaeologist_update_documentation_1749015143.430413_0 to archaeologist
2025-06-04 01:35:30,489 - root - Assigned task sms_engineer_add_error_handling_1749015143.430413_0 to sms_engineer
2025-06-04 01:35:30,489 - root - Assigned task memory_engineer_implement_linking_1749015143.430413_0 to memory_engineer
2025-06-04 01:35:30,490 - root - Assigned task test_engineer_performance_test_1749015143.430413_0 to test_engineer
2025-06-04 01:36:01,495 - root - Assigned task orchestrator_generate_report_1749015143.430413_1 to orchestrator
2025-06-04 01:36:01,496 - root - Assigned task archaeologist_update_documentation_1749015143.430413_1 to archaeologist
2025-06-04 01:36:01,497 - root - Assigned task sms_engineer_add_error_handling_1749015143.430413_1 to sms_engineer
2025-06-04 01:36:01,497 - root - Assigned task memory_engineer_implement_linking_1749015143.430413_1 to memory_engineer
2025-06-04 01:36:01,498 - root - Assigned task test_engineer_performance_test_1749015143.430413_1 to test_engineer
2025-06-04 01:36:32,503 - root - Assigned task orchestrator_generate_report_1749015143.430413_2 to orchestrator
2025-06-04 01:36:32,504 - root - Assigned task archaeologist_update_documentation_1749015143.430413_2 to archaeologist
2025-06-04 01:36:32,505 - root - Assigned task sms_engineer_add_error_handling_1749015143.430413_2 to sms_engineer
2025-06-04 01:36:32,505 - root - Assigned task memory_engineer_implement_linking_1749015143.430413_2 to memory_engineer
2025-06-04 01:36:32,506 - root - Assigned task test_engineer_performance_test_1749015143.430413_2 to test_engineer
2025-06-04 01:37:03,512 - root - Assigned task archaeologist_create_templates_1749015143.430413_0 to archaeologist
2025-06-04 01:37:03,512 - root - Assigned task sms_engineer_create_integration_tests_1749015143.430413_0 to sms_engineer
2025-06-04 01:37:03,513 - root - Assigned task memory_engineer_performance_tuning_1749015143.430413_0 to memory_engineer
2025-06-04 01:37:03,514 - root - Assigned task test_engineer_generate_test_report_1749015143.430413_0 to test_engineer
2025-06-04 01:37:34,520 - root - Assigned task archaeologist_create_templates_1749015143.430413_1 to archaeologist
2025-06-04 01:37:34,521 - root - Assigned task sms_engineer_create_integration_tests_1749015143.430413_1 to sms_engineer
2025-06-04 01:37:34,521 - root - Assigned task memory_engineer_performance_tuning_1749015143.430413_1 to memory_engineer
2025-06-04 01:37:34,522 - root - Assigned task test_engineer_generate_test_report_1749015143.430413_1 to test_engineer
2025-06-04 01:38:05,528 - root - Assigned task archaeologist_create_templates_1749015143.430413_2 to archaeologist
2025-06-04 01:38:05,529 - root - Assigned task sms_engineer_create_integration_tests_1749015143.430413_2 to sms_engineer
2025-06-04 01:38:05,530 - root - Assigned task memory_engineer_performance_tuning_1749015143.430413_2 to memory_engineer
2025-06-04 01:38:05,531 - root - Assigned task test_engineer_generate_test_report_1749015143.430413_2 to test_engineer
2025-06-04 02:32:52,220 - root - Generated tasks for all agents
2025-06-04 02:32:52,221 - root - Assigned task orchestrator_check_health_1749018772.220362_0 to orchestrator
2025-06-04 02:32:52,222 - root - Assigned task archaeologist_scan_new_files_1749018772.220362_0 to archaeologist
2025-06-04 02:32:52,223 - root - Assigned task sms_engineer_implement_feature_1749018772.220362_0 to sms_engineer
2025-06-04 02:32:52,224 - root - Assigned task memory_engineer_implement_storage_1749018772.220362_0 to memory_engineer
2025-06-04 02:32:52,224 - root - Assigned task test_engineer_test_email_1749018772.220362_0 to test_engineer
2025-06-04 02:33:23,233 - root - Assigned task orchestrator_check_health_1749018772.220362_1 to orchestrator
2025-06-04 02:33:23,234 - root - Assigned task archaeologist_scan_new_files_1749018772.220362_1 to archaeologist
2025-06-04 02:33:23,235 - root - Assigned task sms_engineer_implement_feature_1749018772.220362_1 to sms_engineer
2025-06-04 02:33:23,236 - root - Assigned task memory_engineer_implement_storage_1749018772.220362_1 to memory_engineer
2025-06-04 02:33:23,237 - root - Assigned task test_engineer_test_email_1749018772.220362_1 to test_engineer
2025-06-04 02:33:54,246 - root - Assigned task orchestrator_check_health_1749018772.220362_2 to orchestrator
2025-06-04 02:33:54,247 - root - Assigned task archaeologist_scan_new_files_1749018772.220362_2 to archaeologist
2025-06-04 02:33:54,248 - root - Assigned task sms_engineer_implement_feature_1749018772.220362_2 to sms_engineer
2025-06-04 02:33:54,249 - root - Assigned task memory_engineer_implement_storage_1749018772.220362_2 to memory_engineer
2025-06-04 02:33:54,250 - root - Assigned task test_engineer_test_email_1749018772.220362_2 to test_engineer
2025-06-04 02:34:25,258 - root - Assigned task orchestrator_coordinate_workflow_1749018772.220362_0 to orchestrator
2025-06-04 02:34:25,261 - root - Assigned task archaeologist_analyze_patterns_1749018772.220362_0 to archaeologist
2025-06-04 02:34:25,262 - root - Assigned task sms_engineer_refactor_code_1749018772.220362_0 to sms_engineer
2025-06-04 02:34:25,263 - root - Assigned task memory_engineer_optimize_retrieval_1749018772.220362_0 to memory_engineer
2025-06-04 02:34:25,263 - root - Assigned task test_engineer_test_integrations_1749018772.220362_0 to test_engineer
2025-06-04 02:34:56,273 - root - Assigned task orchestrator_coordinate_workflow_1749018772.220362_1 to orchestrator
2025-06-04 02:34:56,274 - root - Assigned task archaeologist_analyze_patterns_1749018772.220362_1 to archaeologist
2025-06-04 02:34:56,275 - root - Assigned task sms_engineer_refactor_code_1749018772.220362_1 to sms_engineer
2025-06-04 02:34:56,276 - root - Assigned task memory_engineer_optimize_retrieval_1749018772.220362_1 to memory_engineer
2025-06-04 02:34:56,276 - root - Assigned task test_engineer_test_integrations_1749018772.220362_1 to test_engineer
2025-06-04 02:35:27,285 - root - Assigned task orchestrator_coordinate_workflow_1749018772.220362_2 to orchestrator
2025-06-04 02:35:27,286 - root - Assigned task archaeologist_analyze_patterns_1749018772.220362_2 to archaeologist
2025-06-04 02:35:27,287 - root - Assigned task sms_engineer_refactor_code_1749018772.220362_2 to sms_engineer
2025-06-04 02:35:27,287 - root - Assigned task memory_engineer_optimize_retrieval_1749018772.220362_2 to memory_engineer
2025-06-04 02:35:27,288 - root - Assigned task test_engineer_test_integrations_1749018772.220362_2 to test_engineer
2025-06-04 02:35:58,297 - root - Assigned task orchestrator_generate_report_1749018772.220362_0 to orchestrator
2025-06-04 02:35:58,298 - root - Assigned task archaeologist_update_documentation_1749018772.220362_0 to archaeologist
2025-06-04 02:35:58,299 - root - Assigned task sms_engineer_add_error_handling_1749018772.220362_0 to sms_engineer
2025-06-04 02:35:58,300 - root - Assigned task memory_engineer_implement_linking_1749018772.220362_0 to memory_engineer
2025-06-04 02:35:58,301 - root - Assigned task test_engineer_performance_test_1749018772.220362_0 to test_engineer
2025-06-04 02:36:29,310 - root - Assigned task orchestrator_generate_report_1749018772.220362_1 to orchestrator
2025-06-04 02:36:29,311 - root - Assigned task archaeologist_update_documentation_1749018772.220362_1 to archaeologist
2025-06-04 02:36:29,312 - root - Assigned task sms_engineer_add_error_handling_1749018772.220362_1 to sms_engineer
2025-06-04 02:36:29,313 - root - Assigned task memory_engineer_implement_linking_1749018772.220362_1 to memory_engineer
2025-06-04 02:36:29,314 - root - Assigned task test_engineer_performance_test_1749018772.220362_1 to test_engineer
2025-06-04 02:37:00,323 - root - Assigned task orchestrator_generate_report_1749018772.220362_2 to orchestrator
2025-06-04 02:37:00,324 - root - Assigned task archaeologist_update_documentation_1749018772.220362_2 to archaeologist
2025-06-04 02:37:00,325 - root - Assigned task sms_engineer_add_error_handling_1749018772.220362_2 to sms_engineer
2025-06-04 02:37:00,326 - root - Assigned task memory_engineer_implement_linking_1749018772.220362_2 to memory_engineer
2025-06-04 02:37:00,327 - root - Assigned task test_engineer_performance_test_1749018772.220362_2 to test_engineer
2025-06-04 02:37:31,335 - root - Assigned task archaeologist_create_templates_1749018772.220362_0 to archaeologist
2025-06-04 02:37:31,336 - root - Assigned task sms_engineer_create_integration_tests_1749018772.220362_0 to sms_engineer
2025-06-04 02:37:31,337 - root - Assigned task memory_engineer_performance_tuning_1749018772.220362_0 to memory_engineer
2025-06-04 02:37:31,338 - root - Assigned task test_engineer_generate_test_report_1749018772.220362_0 to test_engineer
2025-06-04 02:38:02,347 - root - Assigned task archaeologist_create_templates_1749018772.220362_1 to archaeologist
2025-06-04 02:38:02,348 - root - Assigned task sms_engineer_create_integration_tests_1749018772.220362_1 to sms_engineer
2025-06-04 02:38:02,349 - root - Assigned task memory_engineer_performance_tuning_1749018772.220362_1 to memory_engineer
2025-06-04 02:38:02,350 - root - Assigned task test_engineer_generate_test_report_1749018772.220362_1 to test_engineer
2025-06-04 02:38:33,359 - root - Assigned task archaeologist_create_templates_1749018772.220362_2 to archaeologist
2025-06-04 02:38:33,360 - root - Assigned task sms_engineer_create_integration_tests_1749018772.220362_2 to sms_engineer
2025-06-04 02:38:33,361 - root - Assigned task memory_engineer_performance_tuning_1749018772.220362_2 to memory_engineer
2025-06-04 02:38:33,361 - root - Assigned task test_engineer_generate_test_report_1749018772.220362_2 to test_engineer
2025-06-04 03:33:20,120 - root - Generated tasks for all agents
2025-06-04 03:33:20,121 - root - Assigned task orchestrator_check_health_1749022400.119878_0 to orchestrator
2025-06-04 03:33:20,122 - root - Assigned task archaeologist_scan_new_files_1749022400.119878_0 to archaeologist
2025-06-04 03:33:20,123 - root - Assigned task sms_engineer_implement_feature_1749022400.119878_0 to sms_engineer
2025-06-04 03:33:20,124 - root - Assigned task memory_engineer_implement_storage_1749022400.119878_0 to memory_engineer
2025-06-04 03:33:20,124 - root - Assigned task test_engineer_test_email_1749022400.119878_0 to test_engineer
2025-06-04 03:33:51,132 - root - Assigned task orchestrator_check_health_1749022400.119878_1 to orchestrator
2025-06-04 03:33:51,133 - root - Assigned task archaeologist_scan_new_files_1749022400.119878_1 to archaeologist
2025-06-04 03:33:51,134 - root - Assigned task sms_engineer_implement_feature_1749022400.119878_1 to sms_engineer
2025-06-04 03:33:51,135 - root - Assigned task memory_engineer_implement_storage_1749022400.119878_1 to memory_engineer
2025-06-04 03:33:51,136 - root - Assigned task test_engineer_test_email_1749022400.119878_1 to test_engineer
2025-06-04 03:34:22,144 - root - Assigned task orchestrator_check_health_1749022400.119878_2 to orchestrator
2025-06-04 03:34:22,145 - root - Assigned task archaeologist_scan_new_files_1749022400.119878_2 to archaeologist
2025-06-04 03:34:22,147 - root - Assigned task sms_engineer_implement_feature_1749022400.119878_2 to sms_engineer
2025-06-04 03:34:22,147 - root - Assigned task memory_engineer_implement_storage_1749022400.119878_2 to memory_engineer
2025-06-04 03:34:22,148 - root - Assigned task test_engineer_test_email_1749022400.119878_2 to test_engineer
2025-06-04 03:34:53,156 - root - Assigned task orchestrator_coordinate_workflow_1749022400.119878_0 to orchestrator
2025-06-04 03:34:53,157 - root - Assigned task archaeologist_analyze_patterns_1749022400.119878_0 to archaeologist
2025-06-04 03:34:53,158 - root - Assigned task sms_engineer_refactor_code_1749022400.119878_0 to sms_engineer
2025-06-04 03:34:53,159 - root - Assigned task memory_engineer_optimize_retrieval_1749022400.119878_0 to memory_engineer
2025-06-04 03:34:53,160 - root - Assigned task test_engineer_test_integrations_1749022400.119878_0 to test_engineer
2025-06-04 03:35:24,167 - root - Assigned task orchestrator_coordinate_workflow_1749022400.119878_1 to orchestrator
2025-06-04 03:35:24,168 - root - Assigned task archaeologist_analyze_patterns_1749022400.119878_1 to archaeologist
2025-06-04 03:35:24,168 - root - Assigned task sms_engineer_refactor_code_1749022400.119878_1 to sms_engineer
2025-06-04 03:35:24,169 - root - Assigned task memory_engineer_optimize_retrieval_1749022400.119878_1 to memory_engineer
2025-06-04 03:35:24,170 - root - Assigned task test_engineer_test_integrations_1749022400.119878_1 to test_engineer
2025-06-04 03:35:55,178 - root - Assigned task orchestrator_coordinate_workflow_1749022400.119878_2 to orchestrator
2025-06-04 03:35:55,180 - root - Assigned task archaeologist_analyze_patterns_1749022400.119878_2 to archaeologist
2025-06-04 03:35:55,181 - root - Assigned task sms_engineer_refactor_code_1749022400.119878_2 to sms_engineer
2025-06-04 03:35:55,182 - root - Assigned task memory_engineer_optimize_retrieval_1749022400.119878_2 to memory_engineer
2025-06-04 03:35:55,183 - root - Assigned task test_engineer_test_integrations_1749022400.119878_2 to test_engineer
2025-06-04 03:36:26,190 - root - Assigned task orchestrator_generate_report_1749022400.119878_0 to orchestrator
2025-06-04 03:36:26,190 - root - Assigned task archaeologist_update_documentation_1749022400.119878_0 to archaeologist
2025-06-04 03:36:26,191 - root - Assigned task sms_engineer_add_error_handling_1749022400.119878_0 to sms_engineer
2025-06-04 03:36:26,192 - root - Assigned task memory_engineer_implement_linking_1749022400.119878_0 to memory_engineer
2025-06-04 03:36:26,192 - root - Assigned task test_engineer_performance_test_1749022400.119878_0 to test_engineer
2025-06-04 03:36:57,200 - root - Assigned task orchestrator_generate_report_1749022400.119878_1 to orchestrator
2025-06-04 03:36:57,201 - root - Assigned task archaeologist_update_documentation_1749022400.119878_1 to archaeologist
2025-06-04 03:36:57,202 - root - Assigned task sms_engineer_add_error_handling_1749022400.119878_1 to sms_engineer
2025-06-04 03:36:57,202 - root - Assigned task memory_engineer_implement_linking_1749022400.119878_1 to memory_engineer
2025-06-04 03:36:57,203 - root - Assigned task test_engineer_performance_test_1749022400.119878_1 to test_engineer
2025-06-04 03:37:28,210 - root - Assigned task orchestrator_generate_report_1749022400.119878_2 to orchestrator
2025-06-04 03:37:28,211 - root - Assigned task archaeologist_update_documentation_1749022400.119878_2 to archaeologist
2025-06-04 03:37:28,212 - root - Assigned task sms_engineer_add_error_handling_1749022400.119878_2 to sms_engineer
2025-06-04 03:37:28,213 - root - Assigned task memory_engineer_implement_linking_1749022400.119878_2 to memory_engineer
2025-06-04 03:37:28,214 - root - Assigned task test_engineer_performance_test_1749022400.119878_2 to test_engineer
2025-06-04 03:37:59,221 - root - Assigned task archaeologist_create_templates_1749022400.119878_0 to archaeologist
2025-06-04 03:37:59,221 - root - Assigned task sms_engineer_create_integration_tests_1749022400.119878_0 to sms_engineer
2025-06-04 03:37:59,222 - root - Assigned task memory_engineer_performance_tuning_1749022400.119878_0 to memory_engineer
2025-06-04 03:37:59,223 - root - Assigned task test_engineer_generate_test_report_1749022400.119878_0 to test_engineer
2025-06-04 03:38:30,230 - root - Assigned task archaeologist_create_templates_1749022400.119878_1 to archaeologist
2025-06-04 03:38:30,231 - root - Assigned task sms_engineer_create_integration_tests_1749022400.119878_1 to sms_engineer
2025-06-04 03:38:30,232 - root - Assigned task memory_engineer_performance_tuning_1749022400.119878_1 to memory_engineer
2025-06-04 03:38:30,233 - root - Assigned task test_engineer_generate_test_report_1749022400.119878_1 to test_engineer
2025-06-04 03:39:01,239 - root - Assigned task archaeologist_create_templates_1749022400.119878_2 to archaeologist
2025-06-04 03:39:01,240 - root - Assigned task sms_engineer_create_integration_tests_1749022400.119878_2 to sms_engineer
2025-06-04 03:39:01,241 - root - Assigned task memory_engineer_performance_tuning_1749022400.119878_2 to memory_engineer
2025-06-04 03:39:01,241 - root - Assigned task test_engineer_generate_test_report_1749022400.119878_2 to test_engineer
